# JRE version: OpenJDK Runtime Environment Temurin-17.0.2+8 (17.0.2+8) (build 17.0.2+8)
# Java VM: OpenJDK 64-Bit Server VM Temurin-17.0.2+8 (17.0.2+8, mixed mode, emulated-client, tiered, compressed oops, compressed class ptrs, g1 gc, windows-amd64)
GC Precious Log:
 CPUs: 8 total, 8 available
 Memory: 14269M
 Large Page Support: Disabled
 NUMA Support: Disabled
 Compressed Oops: Enabled (Zero based)
 Heap Region Size: 2M
 Heap Min Capacity: 8M
 Heap Initial Capacity: 224M
 Heap Max Capacity: 3568M
 Pre-touch: Disabled
 Parallel Workers: 8
 Concurrent Workers: 2
 Concurrent Refinement Workers: 8
 Periodic GC: Disabled
Heap:
 garbage-first heap   total 40960K, used 14319K [0x0000000721000000, 0x0000000800000000)
  region size 2048K, 3 young (6144K), 0 survivors (0K)
 Metaspace       used 29415K, committed 29696K, reserved 1081344K
  class space    used 3979K, committed 4096K, reserved 1048576K
GC Heap History (20 events):
Event: 923.985 GC heap before
{Heap before GC invocations=72 (full 60):
 garbage-first heap   total 40960K, used 12266K [0x0000000721000000, 0x0000000800000000)
  region size 2048K, 2 young (4096K), 0 survivors (0K)
 Metaspace       used 29380K, committed 29632K, reserved 1081344K
  class space    used 3975K, committed 4096K, reserved 1048576K
}
Event: 924.016 GC heap after
{Heap after GC invocations=73 (full 61):
 garbage-first heap   total 40960K, used 10218K [0x0000000721000000, 0x0000000800000000)
  region size 2048K, 0 young (0K), 0 survivors (0K)
 Metaspace       used 29380K, committed 29632K, reserved 1081344K
  class space    used 3975K, committed 4096K, reserved 1048576K
}
Event: 934.301 GC heap before
{Heap before GC invocations=73 (full 61):
 garbage-first heap   total 40960K, used 12266K [0x0000000721000000, 0x0000000800000000)
  region size 2048K, 2 young (4096K), 0 survivors (0K)
 Metaspace       used 29380K, committed 29632K, reserved 1081344K
  class space    used 3975K, committed 4096K, reserved 1048576K
}
Event: 934.333 GC heap after
{Heap after GC invocations=74 (full 62):
 garbage-first heap   total 40960K, used 10218K [0x0000000721000000, 0x0000000800000000)
  region size 2048K, 0 young (0K), 0 survivors (0K)
 Metaspace       used 29380K, committed 29632K, reserved 1081344K
  class space    used 3975K, committed 4096K, reserved 1048576K
}
Event: 944.655 GC heap before
{Heap before GC invocations=74 (full 62):
 garbage-first heap   total 40960K, used 12266K [0x0000000721000000, 0x0000000800000000)
  region size 2048K, 2 young (4096K), 0 survivors (0K)
 Metaspace       used 29380K, committed 29632K, reserved 1081344K
  class space    used 3975K, committed 4096K, reserved 1048576K
}
Event: 944.691 GC heap after
{Heap after GC invocations=75 (full 63):
 garbage-first heap   total 40960K, used 10218K [0x0000000721000000, 0x0000000800000000)
  region size 2048K, 0 young (0K), 0 survivors (0K)
 Metaspace       used 29380K, committed 29632K, reserved 1081344K
  class space    used 3975K, committed 4096K, reserved 1048576K
}
Event: 955.069 GC heap before
{Heap before GC invocations=75 (full 63):
 garbage-first heap   total 40960K, used 12266K [0x0000000721000000, 0x0000000800000000)
  region size 2048K, 2 young (4096K), 0 survivors (0K)
 Metaspace       used 29380K, committed 29632K, reserved 1081344K
  class space    used 3975K, committed 4096K, reserved 1048576K
}
Event: 955.104 GC heap after
{Heap after GC invocations=76 (full 64):
 garbage-first heap   total 40960K, used 10218K [0x0000000721000000, 0x0000000800000000)
  region size 2048K, 0 young (0K), 0 survivors (0K)
 Metaspace       used 29380K, committed 29632K, reserved 1081344K
  class space    used 3975K, committed 4096K, reserved 1048576K
}
Event: 965.410 GC heap before
{Heap before GC invocations=76 (full 64):
 garbage-first heap   total 40960K, used 12266K [0x0000000721000000, 0x0000000800000000)
  region size 2048K, 2 young (4096K), 0 survivors (0K)
 Metaspace       used 29380K, committed 29632K, reserved 1081344K
  class space    used 3975K, committed 4096K, reserved 1048576K
}
Event: 965.444 GC heap after
{Heap after GC invocations=77 (full 65):
 garbage-first heap   total 40960K, used 10218K [0x0000000721000000, 0x0000000800000000)
  region size 2048K, 0 young (0K), 0 survivors (0K)
 Metaspace       used 29380K, committed 29632K, reserved 1081344K
  class space    used 3975K, committed 4096K, reserved 1048576K
}
Event: 975.717 GC heap before
{Heap before GC invocations=77 (full 65):
 garbage-first heap   total 40960K, used 12266K [0x0000000721000000, 0x0000000800000000)
  region size 2048K, 2 young (4096K), 0 survivors (0K)
 Metaspace       used 29380K, committed 29632K, reserved 1081344K
  class space    used 3975K, committed 4096K, reserved 1048576K
}
Event: 975.749 GC heap after
{Heap after GC invocations=78 (full 66):
 garbage-first heap   total 40960K, used 10219K [0x0000000721000000, 0x0000000800000000)
  region size 2048K, 0 young (0K), 0 survivors (0K)
 Metaspace       used 29380K, committed 29632K, reserved 1081344K
  class space    used 3975K, committed 4096K, reserved 1048576K
}
Event: 986.071 GC heap before
{Heap before GC invocations=78 (full 66):
 garbage-first heap   total 40960K, used 12267K [0x0000000721000000, 0x0000000800000000)
  region size 2048K, 2 young (4096K), 0 survivors (0K)
 Metaspace       used 29380K, committed 29632K, reserved 1081344K
  class space    used 3975K, committed 4096K, reserved 1048576K
}
Event: 986.104 GC heap after
{Heap after GC invocations=79 (full 67):
 garbage-first heap   total 40960K, used 10219K [0x0000000721000000, 0x0000000800000000)
  region size 2048K, 0 young (0K), 0 survivors (0K)
 Metaspace       used 29380K, committed 29632K, reserved 1081344K
  class space    used 3975K, committed 4096K, reserved 1048576K
}
Event: 996.486 GC heap before
{Heap before GC invocations=79 (full 67):
 garbage-first heap   total 40960K, used 12267K [0x0000000721000000, 0x0000000800000000)
  region size 2048K, 2 young (4096K), 0 survivors (0K)
 Metaspace       used 29380K, committed 29632K, reserved 1081344K
  class space    used 3975K, committed 4096K, reserved 1048576K
}
Event: 996.523 GC heap after
{Heap after GC invocations=80 (full 68):
 garbage-first heap   total 40960K, used 10219K [0x0000000721000000, 0x0000000800000000)
  region size 2048K, 0 young (0K), 0 survivors (0K)
 Metaspace       used 29380K, committed 29632K, reserved 1081344K
  class space    used 3975K, committed 4096K, reserved 1048576K
}
Event: 1036.823 GC heap before
{Heap before GC invocations=80 (full 68):
 garbage-first heap   total 40960K, used 18411K [0x0000000721000000, 0x0000000800000000)
  region size 2048K, 5 young (10240K), 0 survivors (0K)
 Metaspace       used 29380K, committed 29632K, reserved 1081344K
  class space    used 3975K, committed 4096K, reserved 1048576K
}
Event: 1036.857 GC heap after
{Heap after GC invocations=81 (full 69):
 garbage-first heap   total 40960K, used 10225K [0x0000000721000000, 0x0000000800000000)
  region size 2048K, 0 young (0K), 0 survivors (0K)
 Metaspace       used 29380K, committed 29632K, reserved 1081344K
  class space    used 3975K, committed 4096K, reserved 1048576K
}
Event: 1047.213 GC heap before
{Heap before GC invocations=81 (full 69):
 garbage-first heap   total 40960K, used 12273K [0x0000000721000000, 0x0000000800000000)
  region size 2048K, 2 young (4096K), 0 survivors (0K)
 Metaspace       used 29380K, committed 29632K, reserved 1081344K
  class space    used 3975K, committed 4096K, reserved 1048576K
}
Event: 1047.254 GC heap after
{Heap after GC invocations=82 (full 70):
 garbage-first heap   total 40960K, used 10223K [0x0000000721000000, 0x0000000800000000)
  region size 2048K, 0 young (0K), 0 survivors (0K)
 Metaspace       used 29380K, committed 29632K, reserved 1081344K
  class space    used 3975K, committed 4096K, reserved 1048576K
}

