# JRE version: OpenJDK Runtime Environment Temurin-17.0.2+8 (17.0.2+8) (build 17.0.2+8)
# Java VM: OpenJDK 64-Bit Server VM Temurin-17.0.2+8 (17.0.2+8, mixed mode, tiered, compressed oops, compressed class ptrs, g1 gc, windows-amd64)
GC Precious Log:
 CPUs: 8 total, 8 available
 Memory: 14269M
 Large Page Support: Disabled
 NUMA Support: Disabled
 Compressed Oops: Enabled (Zero based)
 Heap Region Size: 2M
 Heap Min Capacity: 8M
 Heap Initial Capacity: 224M
 Heap Max Capacity: 3568M
 Pre-touch: Disabled
 Parallel Workers: 8
 Concurrent Workers: 2
 Concurrent Refinement Workers: 8
 Periodic GC: Disabled
Heap:
 garbage-first heap   total 133120K, used 88839K [0x0000000721000000, 0x0000000800000000)
  region size 2048K, 37 young (75776K), 4 survivors (8192K)
 Metaspace       used 57369K, committed 57856K, reserved 1105920K
  class space    used 7288K, committed 7552K, reserved 1048576K
GC Heap History (20 events):
Event: 6.195 GC heap before
{Heap before GC invocations=6 (full 0):
 garbage-first heap   total 34816K, used 19127K [0x0000000721000000, 0x0000000800000000)
  region size 2048K, 7 young (14336K), 1 survivors (2048K)
 Metaspace       used 28173K, committed 28480K, reserved 1081344K
  class space    used 3411K, committed 3520K, reserved 1048576K
}
Event: 6.198 GC heap after
{Heap after GC invocations=7 (full 0):
 garbage-first heap   total 34816K, used 9418K [0x0000000721000000, 0x0000000800000000)
  region size 2048K, 1 young (2048K), 1 survivors (2048K)
 Metaspace       used 28173K, committed 28480K, reserved 1081344K
  class space    used 3411K, committed 3520K, reserved 1048576K
}
Event: 7.168 GC heap before
{Heap before GC invocations=7 (full 0):
 garbage-first heap   total 34816K, used 23754K [0x0000000721000000, 0x0000000800000000)
  region size 2048K, 8 young (16384K), 1 survivors (2048K)
 Metaspace       used 29714K, committed 30016K, reserved 1081344K
  class space    used 3638K, committed 3776K, reserved 1048576K
}
Event: 7.171 GC heap after
{Heap after GC invocations=8 (full 0):
 garbage-first heap   total 34816K, used 10183K [0x0000000721000000, 0x0000000800000000)
  region size 2048K, 1 young (2048K), 1 survivors (2048K)
 Metaspace       used 29714K, committed 30016K, reserved 1081344K
  class space    used 3638K, committed 3776K, reserved 1048576K
}
Event: 8.467 GC heap before
{Heap before GC invocations=8 (full 0):
 garbage-first heap   total 34816K, used 24519K [0x0000000721000000, 0x0000000800000000)
  region size 2048K, 8 young (16384K), 1 survivors (2048K)
 Metaspace       used 31825K, committed 32128K, reserved 1081344K
  class space    used 3908K, committed 4032K, reserved 1048576K
}
Event: 8.471 GC heap after
{Heap after GC invocations=9 (full 0):
 garbage-first heap   total 34816K, used 11195K [0x0000000721000000, 0x0000000800000000)
  region size 2048K, 1 young (2048K), 1 survivors (2048K)
 Metaspace       used 31825K, committed 32128K, reserved 1081344K
  class space    used 3908K, committed 4032K, reserved 1048576K
}
Event: 10.039 GC heap before
{Heap before GC invocations=9 (full 0):
 garbage-first heap   total 34816K, used 25531K [0x0000000721000000, 0x0000000800000000)
  region size 2048K, 8 young (16384K), 1 survivors (2048K)
 Metaspace       used 34819K, committed 35136K, reserved 1081344K
  class space    used 4359K, committed 4480K, reserved 1048576K
}
Event: 10.047 GC heap after
{Heap after GC invocations=10 (full 0):
 garbage-first heap   total 34816K, used 12598K [0x0000000721000000, 0x0000000800000000)
  region size 2048K, 1 young (2048K), 1 survivors (2048K)
 Metaspace       used 34819K, committed 35136K, reserved 1081344K
  class space    used 4359K, committed 4480K, reserved 1048576K
}
Event: 10.426 GC heap before
{Heap before GC invocations=10 (full 0):
 garbage-first heap   total 34816K, used 16694K [0x0000000721000000, 0x0000000800000000)
  region size 2048K, 4 young (8192K), 1 survivors (2048K)
 Metaspace       used 35635K, committed 35968K, reserved 1081344K
  class space    used 4472K, committed 4672K, reserved 1048576K
}
Event: 10.431 GC heap after
{Heap after GC invocations=11 (full 0):
 garbage-first heap   total 34816K, used 13353K [0x0000000721000000, 0x0000000800000000)
  region size 2048K, 1 young (2048K), 1 survivors (2048K)
 Metaspace       used 35635K, committed 35968K, reserved 1081344K
  class space    used 4472K, committed 4672K, reserved 1048576K
}
Event: 11.531 GC heap before
{Heap before GC invocations=12 (full 0):
 garbage-first heap   total 34816K, used 23593K [0x0000000721000000, 0x0000000800000000)
  region size 2048K, 6 young (12288K), 1 survivors (2048K)
 Metaspace       used 37337K, committed 37632K, reserved 1089536K
  class space    used 4651K, committed 4800K, reserved 1048576K
}
Event: 11.536 GC heap after
{Heap after GC invocations=13 (full 0):
 garbage-first heap   total 34816K, used 14211K [0x0000000721000000, 0x0000000800000000)
  region size 2048K, 1 young (2048K), 1 survivors (2048K)
 Metaspace       used 37337K, committed 37632K, reserved 1089536K
  class space    used 4651K, committed 4800K, reserved 1048576K
}
Event: 12.686 GC heap before
{Heap before GC invocations=13 (full 0):
 garbage-first heap   total 34816K, used 24451K [0x0000000721000000, 0x0000000800000000)
  region size 2048K, 6 young (12288K), 1 survivors (2048K)
 Metaspace       used 39834K, committed 40128K, reserved 1089536K
  class space    used 5003K, committed 5120K, reserved 1048576K
}
Event: 12.693 GC heap after
{Heap after GC invocations=14 (full 0):
 garbage-first heap   total 34816K, used 15131K [0x0000000721000000, 0x0000000800000000)
  region size 2048K, 1 young (2048K), 1 survivors (2048K)
 Metaspace       used 39834K, committed 40128K, reserved 1089536K
  class space    used 5003K, committed 5120K, reserved 1048576K
}
Event: 13.264 GC heap before
{Heap before GC invocations=14 (full 0):
 garbage-first heap   total 34816K, used 25371K [0x0000000721000000, 0x0000000800000000)
  region size 2048K, 6 young (12288K), 1 survivors (2048K)
 Metaspace       used 42517K, committed 42944K, reserved 1089536K
  class space    used 5414K, committed 5632K, reserved 1048576K
}
Event: 13.272 GC heap after
{Heap after GC invocations=15 (full 0):
 garbage-first heap   total 34816K, used 16241K [0x0000000721000000, 0x0000000800000000)
  region size 2048K, 1 young (2048K), 1 survivors (2048K)
 Metaspace       used 42517K, committed 42944K, reserved 1089536K
  class space    used 5414K, committed 5632K, reserved 1048576K
}
Event: 13.763 GC heap before
{Heap before GC invocations=15 (full 0):
 garbage-first heap   total 34816K, used 26481K [0x0000000721000000, 0x0000000800000000)
  region size 2048K, 6 young (12288K), 1 survivors (2048K)
 Metaspace       used 44557K, committed 44928K, reserved 1089536K
  class space    used 5651K, committed 5824K, reserved 1048576K
}
Event: 13.771 GC heap after
{Heap after GC invocations=16 (full 0):
 garbage-first heap   total 133120K, used 17799K [0x0000000721000000, 0x0000000800000000)
  region size 2048K, 1 young (2048K), 1 survivors (2048K)
 Metaspace       used 44557K, committed 44928K, reserved 1089536K
  class space    used 5651K, committed 5824K, reserved 1048576K
}
Event: 111.212 GC heap before
{Heap before GC invocations=16 (full 0):
 garbage-first heap   total 133120K, used 91527K [0x0000000721000000, 0x0000000800000000)
  region size 2048K, 38 young (77824K), 1 survivors (2048K)
 Metaspace       used 56385K, committed 56768K, reserved 1105920K
  class space    used 7213K, committed 7360K, reserved 1048576K
}
Event: 111.232 GC heap after
{Heap after GC invocations=17 (full 0):
 garbage-first heap   total 133120K, used 23303K [0x0000000721000000, 0x0000000800000000)
  region size 2048K, 4 young (8192K), 4 survivors (8192K)
 Metaspace       used 56385K, committed 56768K, reserved 1105920K
  class space    used 7213K, committed 7360K, reserved 1048576K
}

